<?xml version="1.0" encoding="UTF-8"?>
<testng-results ignored="0" total="1" passed="1" failed="0" skipped="0">
  <reporter-output>
  </reporter-output>
  <suite started-at="2021-05-07T15:33:38 IST" name="Default suite" finished-at="2021-05-07T15:34:56 IST" duration-ms="78224">
    <groups>
    </groups>
    <test started-at="2021-05-07T15:33:38 IST" name="Default test" finished-at="2021-05-07T15:34:56 IST" duration-ms="78224">
      <class name="Assertions.assignment5">
        <test-method is-config="true" signature="beforeMethod()[pri:0, instance:Assertions.assignment5@696da30b]" started-at="2021-05-07T15:33:38 IST" name="beforeMethod" finished-at="2021-05-07T15:34:07 IST" duration-ms="29256" status="PASS">
          <reporter-output>
          </reporter-output>
        </test-method> <!-- beforeMethod -->
        <test-method signature="test()[pri:0, instance:Assertions.assignment5@696da30b]" started-at="2021-05-07T15:34:07 IST" name="test" finished-at="2021-05-07T15:34:48 IST" duration-ms="41009" status="PASS">
          <reporter-output>
          </reporter-output>
        </test-method> <!-- test -->
        <test-method is-config="true" signature="afterMethod()[pri:0, instance:Assertions.assignment5@696da30b]" started-at="2021-05-07T15:34:48 IST" name="afterMethod" finished-at="2021-05-07T15:34:56 IST" duration-ms="7751" status="PASS">
          <reporter-output>
          </reporter-output>
        </test-method> <!-- afterMethod -->
      </class> <!-- Assertions.assignment5 -->
    </test> <!-- Default test -->
  </suite> <!-- Default suite -->
</testng-results>
